INFO 06/09/2021 09:39:36 PM Food with uuid 3e7df41b-9975-4cf9-a47e-e2d29c603b30 was deleted
INFO 06/09/2021 09:39:36 PM Food with uuid 8ec02581-7360-4ee3-ab50-1de067566f96 was updated
INFO 06/09/2021 09:39:36 PM Food with uuid 5ff633de-697d-431d-b39e-c2704c6a6830 was updated
INFO 06/09/2021 09:39:36 PM Food with uuid febad000-76bc-46f7-960f-18bfcc3bc3f5 was updated
ERROR 06/09/2021 09:39:36 PM Food was not created due wrong data
INFO 06/09/2021 09:39:36 PM Food with uuid 7749dedc-c3ed-438f-a806-416ef3980e5b was created
ERROR 06/09/2021 09:39:36 PM Attempt to create  food without json
INFO 06/09/2021 09:39:36 PM Food with uuid 8de27d33-0754-4376-9fd1-401d31a2857d was updated
INFO 06/09/2021 09:43:51 PM Food with uuid 9afdd691-b3c7-4030-8ec1-1d37b059ce00 was deleted
INFO 06/09/2021 09:43:51 PM Food with uuid 9a7301ce-a531-4957-a826-f655693059d4 was updated
INFO 06/09/2021 09:43:51 PM Food with uuid 5e08615e-187e-44f5-9b75-9cf28bed29ec was updated
INFO 06/09/2021 09:43:51 PM Food with uuid 75a0f7e2-1c34-4e92-afea-d2e566621517 was updated
ERROR 06/09/2021 09:43:51 PM Food was not created due wrong data
INFO 06/09/2021 09:43:51 PM Food with uuid 5382aae5-53f7-4ad1-a02d-117c8a277dc2 was created
ERROR 06/09/2021 09:43:51 PM Attempt to create  food without json
INFO 06/09/2021 09:43:51 PM Food with uuid 52b70d58-ceb1-4ab8-9383-6c1bb89a52d9 was updated
INFO 06/09/2021 09:47:20 PM Food with uuid 8371b22f-3991-4544-9021-407085c50d8a was deleted
INFO 06/09/2021 09:47:20 PM Food with uuid f57886e8-37dc-4085-921a-333dcc162ac4 was updated
INFO 06/09/2021 09:47:20 PM Food with uuid a745af88-9147-48a8-a0d1-41b9ab9b6c6f was updated
INFO 06/09/2021 09:47:20 PM Food with uuid 1aafd330-f8be-473c-b5c9-a1233b70aa16 was updated
ERROR 06/09/2021 09:47:20 PM Food was not created due wrong data
INFO 06/09/2021 09:47:20 PM Food with uuid d71be743-2147-47fa-b834-956111712040 was created
ERROR 06/09/2021 09:47:20 PM Attempt to create  food without json
INFO 06/09/2021 09:47:20 PM Food with uuid 9652f3ee-5348-4b24-82ac-fdd93bca4fe2 was updated
INFO 06/09/2021 09:47:20 PM Worker with uuid 441496d4-c7c0-4e4e-814b-4861074e25ae was deleted
INFO 06/09/2021 09:47:20 PM Worker with uuid eb22ee68-39c5-418c-82fc-1c84582887ac was updated
INFO 06/09/2021 09:47:20 PM Worker with uuid 94653fdc-85df-48be-beb1-f4ccce420583 was updated
INFO 06/09/2021 09:47:20 PM Worker with uuid be3508e5-cd00-4529-8aff-600e46fe13a7 was updated
ERROR 06/09/2021 09:47:20 PM Worker was not created due wrong data
INFO 06/09/2021 09:47:20 PM Worker with uuid fe2cb518-1663-4cf0-9f49-f31f0801d9ed was created
ERROR 06/09/2021 09:47:20 PM Attempt to create  worker without json
INFO 06/09/2021 09:47:20 PM Worker with uuid 43e51bce-fa42-4674-bf48-cededde08fbd was updated
INFO 06/10/2021 12:54:57 AM  * Running on http://127.0.0.1:5000/ (Press CTRL+C to quit)
INFO 06/10/2021 12:54:57 AM  * Restarting with stat
INFO 06/10/2021 12:55:35 AM 127.0.0.1 - - [10/Jun/2021 00:55:35] "GET /api/orders HTTP/1.1" 200 -
